           ^^^^^^^^^^^^^^^^^^^^^^^^^^^^^^
KeyboardInterrupt

(jax) jgz1751@athena:~/git/pyinn/pyinn$ python main.py
/mnt/b/xxd5545/parse_dataset/train_30
{'min': array([ -0.5,  -0.5,   0. ,   0. ,   1. , 100. ]), 'max': array([4.84126984e-01, 4.84126984e-01, 9.84126984e-0
1, 4.00000000e-02,
       3.40000000e+00, 1.80000000e+02])}
{'min': array([ -0.5,  -0.5,   0. ,   0. ,   1. , 100. ]), 'max': array([4.84126984e-01, 4.84126984e-01, 9.84126984e-0
1, 4.00000000e-02,
       2.60000000e+00, 1.53333333e+02])}
[1, 30, 20, 30]
num_mode {0: [((30, 1), (30,)), ((20, 30), (20,)), ((30, 20), (30,))], 1: [((30, 1), (30,)), ((20, 30), (20,)), ((30,
20), (30,))], 2: [((30, 1), (30,)), ((20, 30), (20,)), ((30, 20), (30,))], 3: [((30, 1), (30,)), ((20, 30), (20,)), ((
30, 20), (30,))], 4: [((30, 1), (30,)), ((20, 30), (20,)), ((30, 20), (30,))], 5: [((30, 1), (30,)), ((20, 30), (20,))
, ((30, 20), (30,))]}
------------CPMLP-------------
{0: [((30, 1), (30,)), ((20, 30), (20,)), ((30, 20), (30,))], 1: [((30, 1), (30,)), ((20, 30), (20,)), ((30, 20), (30,
))], 2: [((30, 1), (30,)), ((20, 30), (20,)), ((30, 20), (30,))], 3: [((30, 1), (30,)), ((20, 30), (20,)), ((30, 20),
(30,))], 4: [((30, 1), (30,)), ((20, 30), (20,)), ((30, 20), (30,))], 5: [((30, 1), (30,)), ((20, 30), (20,)), ((30, 2
0), (30,))]}
# of training parameters: 7860
Epochs:   0%|                                                                               | 0/2000 [00:00<?, ?it/s]E
poch 1
        Training loss: 1.7019e-02
        Training R2: -0.5685
Epochs:  10%|██████▋                                                            | 199/2000 [58:21<8:58:37, 17.94s/it]V
alidation loss: 1.3859e-02
        Validation R2: -0.5718
Epochs:  20%|████████████▉                                                    | 399/2000 [1:57:10<7:43:52, 17.38s/it]V
alidation loss: 1.3871e-02
        Validation R2: -0.5716
Epochs:  20%|████████████▊                                                   | 400/2000 [1:57:52<10:58:29, 24.69s/it]E
poch 401
        Training loss: 1.7018e-02
        Training R2: -0.5685
Epochs:  30%|███████████████████▍                                             | 599/2000 [2:55:36<6:44:29, 17.32s/it]
  Validation loss: 7.1296e-03
        Validation R2: 0.1914
Epochs:  40%|█████████████████████████▉                                       | 799/2000 [3:53:54<5:49:38, 17.47s/it]
  Validation loss: 7.1251e-03
        Validation R2: 0.1921
Epochs:  40%|██████████████████████████                                       | 800/2000 [3:54:36<8:15:59, 24.80s/it]E
poch 801
        Training loss: 8.6486e-03
        Training R2: 0.2029
Epochs:  50%|████████████████████████████████▍                                | 999/2000 [4:51:42<4:47:38, 17.24s/it]
  Validation loss: 7.1252e-03
        Validation R2: 0.1922
Epochs:  60%|██████████████████████████████████████▎                         | 1199/2000 [5:49:59<3:51:19, 17.33s/it]
  Validation loss: 7.1204e-03
        Validation R2: 0.1931
Epochs:  60%|██████████████████████████████████████▍                         | 1200/2000 [5:50:42<5:32:15, 24.92s/it]E
poch 1201
        Training loss: 8.6341e-03
        Training R2: 0.2042
Epochs:  70%|████████████████████████████████████████████▊                   | 1399/2000 [6:47:44<2:47:32, 16.73s/it]
  Validation loss: 7.1136e-03
        Validation R2: 0.1932
Epochs:  80%|███████████████████████████████████████████████████▏            | 1599/2000 [7:44:49<1:52:42, 16.86s/it]
  Validation loss: 7.1179e-03
        Validation R2: 0.1932
Epochs:  80%|███████████████████████████████████████████████████▏            | 1600/2000 [7:45:31<2:41:26, 24.22s/it]E
poch 1601
        Training loss: 8.6354e-03
        Training R2: 0.2043
Epochs:  90%|███████████████████████████████████████████████████████████▎      | 1799/2000 [8:41:34<56:01, 16.72s/it]
  Validation loss: 7.1152e-03
        Validation R2: 0.1932
Epochs: 100%|█████████████████████████████████████████████████████████████████▉| 1999/2000 [9:38:20<00:16, 16.86s/it]
  Validation loss: 7.1142e-03
        Validation R2: 0.1931
Epochs: 100%|██████████████████████████████████████████████████████████████████| 2000/2000 [9:39:02<00:00, 17.37s/it]
INN training took 34742.9950 seconds
Test
        Test loss: 7.1165e-03
        Test R2: 0.1932
        Test took 23.7053 seconds
        Inference time: 0.0004 seconds
Traceback (most recent call last):
  File "/home/jgz1751/git/pyinn/pyinn/main.py", line 56, in <module>
    plot.plot_regression(regressor, data, config)
  File "/home/jgz1751/git/pyinn/pyinn/plot.py", line 47, in plot_regression
    plot_modes(model, cls_data, plot_in_axis, plot_out_axis)
  File "/home/jgz1751/git/pyinn/pyinn/plot.py", line 130, in plot_modes
    M = params.shape[0] # nmode
        ^^^^^^^^^^^^
AttributeError: 'dict' object has no attribute 'shape'
(jax) jgz1751@athena:~/git/pyinn/pyinn$ tmux capture-pane -pS -40 > train_30cmplp.out

