(jax) jgz1751@athena:~/git/pyinn/pyinn$ python main.py
/mnt/b/xxd5545/parse_dataset/train_30
{'min': array([ -0.5,  -0.5,   0. ,   0. ,   1. , 100. ]), 'max': array([4.84126984e-01, 4.84126984e-01, 9.84126984e-0
1, 4.00000000e-02,
       3.40000000e+00, 1.80000000e+02])}
{'min': array([ -0.5,  -0.5,   0. ,   0. ,   1. , 100. ]), 'max': array([4.84126984e-01, 4.84126984e-01, 9.84126984e-0
1, 4.00000000e-02,
       2.60000000e+00, 1.53333333e+02])}
[6, 50, 50, 50, 50, 50, 1]
------------MLP-------------
# of training parameters: 10601
Epochs:   0%|                                                                               | 0/2000 [00:00<?, ?it/s]E
poch 1
        Training loss: 1.7047e-02
        Training R2: -0.5712
Epochs:  10%|██████▋                                                            | 199/2000 [57:29<8:31:05, 17.03s/it]V
alidation loss: 2.6233e-04
        Validation R2: 0.9702
Epochs:  20%|████████████▉                                                    | 399/2000 [1:56:28<7:45:50, 17.46s/it]V
alidation loss: 1.5767e-04
        Validation R2: 0.9821
Epochs:  20%|████████████▊                                                   | 400/2000 [1:57:10<10:57:03, 24.64s/it]E
poch 401
        Training loss: 1.7888e-04
        Training R2: 0.9835
Epochs:  30%|███████████████████▍                                             | 599/2000 [2:55:42<6:52:33, 17.67s/it]V
alidation loss: 1.0852e-04
        Validation R2: 0.9877
Epochs:  40%|█████████████████████████▉                                       | 799/2000 [3:54:50<5:49:14, 17.45s/it]V
alidation loss: 9.7778e-05
        Validation R2: 0.9889
Epochs:  40%|██████████████████████████                                       | 800/2000 [3:55:32<8:19:36, 24.98s/it]E
poch 801
        Training loss: 1.0298e-04
        Training R2: 0.9905
Epochs:  50%|████████████████████████████████▍                                | 999/2000 [4:53:33<4:49:48, 17.37s/it]V
alidation loss: 8.3565e-05
        Validation R2: 0.9905
Epochs:  60%|██████████████████████████████████████▎                         | 1199/2000 [5:52:29<3:51:16, 17.32s/it]V
alidation loss: 6.9898e-05
        Validation R2: 0.9921
Epochs:  60%|██████████████████████████████████████▍                         | 1200/2000 [5:53:12<5:35:12, 25.14s/it]E
poch 1201
        Training loss: 8.0992e-05
        Training R2: 0.9925
Epochs:  70%|████████████████████████████████████████████▊                   | 1399/2000 [6:51:26<2:54:28, 17.42s/it]V
alidation loss: 6.3280e-05
        Validation R2: 0.9928
Epochs:  80%|███████████████████████████████████████████████████▏            | 1599/2000 [7:50:15<1:55:58, 17.35s/it]V
alidation loss: 7.5106e-05
        Validation R2: 0.9915
Epochs:  80%|███████████████████████████████████████████████████▏            | 1600/2000 [7:50:56<2:42:40, 24.40s/it]E
poch 1601
        Training loss: 7.4028e-05
        Training R2: 0.9932
Epochs:  90%|███████████████████████████████████████████████████████████▎      | 1799/2000 [8:49:00<57:42, 17.23s/it]V
alidation loss: 5.6010e-05
        Validation R2: 0.9937
Epochs: 100%|█████████████████████████████████████████████████████████████████▉| 1999/2000 [9:47:30<00:17, 17.45s/it]V
alidation loss: 5.4595e-05
        Validation R2: 0.9938
Epochs: 100%|██████████████████████████████████████████████████████████████████| 2000/2000 [9:48:14<00:00, 17.65s/it]
INN training took 35294.3362 seconds
Test
        Test loss: 5.4595e-05
        Test R2: 0.9938
        Test took 23.9278 seconds
        Inference time: 0.0004 seconds
(jax) jgz1751@athena:~/git/pyinn/pyinn$ tmux capture-pane -pS -20 > train_30mlp.out

