[6, 20, 20, 20, 20, 20, 1]
------------MLP-------------
# of training parameters: 1841
Epochs:   0%|                                                                               | 0/1000 [00:00<?, ?it/s]
Epoch 1
        Training loss: 2.2397e-02
        Training R2: -1.0642
Epochs:   1%|▌                                                                    | 9/1000 [02:30<4:30:52, 16.40s/it]
Validation loss: 1.0219e-02
        Validation R2: -0.1589
Epochs:   2%|█▎                                                                  | 19/1000 [05:38<4:33:24, 16.72s/it]
Validation loss: 8.8302e-03
        Validation R2: -0.0013
Epochs:   3%|█▉                                                                  | 29/1000 [08:54<4:40:30, 17.33s/it]
Validation loss: 8.9535e-03
        Validation R2: -0.0147
Epochs:   4%|██▋                                                                 | 39/1000 [12:05<4:29:45, 16.84s/it]
Validation loss: 8.8663e-03
        Validation R2: -0.0050
Epochs:   5%|███▎                                                                | 49/1000 [15:13<4:25:20, 16.74s/it]
Validation loss: 8.8750e-03
        Validation R2: -0.0061
Epochs:   6%|████                                                                | 59/1000 [18:21<4:23:09, 16.78s/it]
Validation loss: 8.8795e-03
        Validation R2: -0.0067
Epochs:   7%|████▋                                                               | 69/1000 [21:28<4:18:08, 16.64s/it]
Validation loss: 8.8789e-03
        Validation R2: -0.0064
Epochs:   8%|█████▎                                                              | 79/1000 [24:35<4:16:51, 16.73s/it]
Validation loss: 8.8766e-03
        Validation R2: -0.0064
Epochs:   9%|██████                                                              | 89/1000 [27:42<4:13:45, 16.71s/it]
Validation loss: 8.8728e-03
        Validation R2: -0.0065
Epochs:  10%|██████▋                                                             | 99/1000 [30:50<4:11:32, 16.75s/it]
Validation loss: 8.8737e-03
        Validation R2: -0.0064
Epochs:  11%|███████▎                                                           | 109/1000 [33:58<4:09:34, 16.81s/it]
Validation loss: 8.8734e-03
        Validation R2: -0.0064
Epochs:  12%|███████▉                                                           | 119/1000 [37:06<4:06:26, 16.78s/it]
Validation loss: 8.8759e-03
        Validation R2: -0.0064
Epochs:  13%|████████▋                                                          | 129/1000 [40:15<4:04:56, 16.87s/it]
Validation loss: 8.8755e-03
        Validation R2: -0.0065
Epochs:  14%|█████████▎                                                         | 139/1000 [43:24<4:05:12, 17.09s/it]
Validation loss: 8.8763e-03
        Validation R2: -0.0064
Epochs:  15%|█████████▉                                                         | 149/1000 [46:31<3:56:52, 16.70s/it]
Validation loss: 8.8782e-03
        Validation R2: -0.0064
Epochs:  16%|██████████▋                                                        | 159/1000 [49:39<3:54:10, 16.71s/it]
Validation loss: 8.8752e-03
        Validation R2: -0.0064
Epochs:  17%|███████████▎                                                       | 169/1000 [52:49<3:52:31, 16.79s/it]
Validation loss: 8.8796e-03
        Validation R2: -0.0064
Epochs:  18%|███████████▉                                                       | 179/1000 [55:56<3:48:27, 16.70s/it]
Validation loss: 8.8808e-03
        Validation R2: -0.0064
Epochs:  19%|████████████▋                                                      | 189/1000 [59:04<3:45:44, 16.70s/it]
Validation loss: 8.8790e-03
        Validation R2: -0.0065
Epochs:  20%|████████████▉                                                    | 199/1000 [1:02:12<3:44:06, 16.79s/it]
Validation loss: 8.8760e-03
        Validation R2: -0.0065
Epochs:  20%|█████████████                                                    | 200/1000 [1:02:52<5:14:54, 23.62s/it]
Epoch 201
        Training loss: 1.0852e-02
        Training R2: -0.0000
Epochs:  21%|█████████████▌                                                   | 209/1000 [1:05:20<3:40:39, 16.74s/it]
Validation loss: 8.8787e-03
        Validation R2: -0.0064
Epochs:  22%|██████████████▏                                                  | 219/1000 [1:08:30<3:40:07, 16.91s/it]
Validation loss: 8.8745e-03
        Validation R2: -0.0064
Epochs:  23%|██████████████▉                                                  | 229/1000 [1:11:37<3:35:23, 16.76s/it]
Validation loss: 8.8800e-03
        Validation R2: -0.0064
Epochs:  24%|███████████████▌                                                 | 239/1000 [1:14:48<3:35:21, 16.98s/it]
Validation loss: 8.8785e-03
        Validation R2: -0.0064
Epochs:  25%|████████████████▏                                                | 249/1000 [1:17:55<3:29:02, 16.70s/it]
Validation loss: 8.8756e-03
        Validation R2: -0.0064
Epochs:  26%|████████████████▊                                                | 259/1000 [1:21:05<3:27:08, 16.77s/it]
Validation loss: 8.8747e-03
        Validation R2: -0.0064
Epochs:  27%|█████████████████▍                                               | 269/1000 [1:24:18<3:30:12, 17.25s/it]
Validation loss: 8.8777e-03
        Validation R2: -0.0064
Epochs:  28%|██████████████████▏                                              | 279/1000 [1:27:27<3:21:30, 16.77s/it]
Validation loss: 8.8811e-03
        Validation R2: -0.0064
Epochs:  29%|██████████████████▊                                              | 289/1000 [1:30:35<3:17:17, 16.65s/it]
Validation loss: 8.8781e-03
        Validation R2: -0.0064
Epochs:  30%|███████████████████▍                                             | 299/1000 [1:33:42<3:15:25, 16.73s/it]
Validation loss: 8.8804e-03
        Validation R2: -0.0064
Epochs:  31%|████████████████████                                             | 309/1000 [1:36:49<3:12:14, 16.69s/it]
Validation loss: 8.8770e-03
        Validation R2: -0.0064
Epochs:  32%|████████████████████▋                                            | 319/1000 [1:39:58<3:16:00, 17.27s/it]
Validation loss: 8.8837e-03
        Validation R2: -0.0064
Epochs:  33%|█████████████████████▍                                           | 329/1000 [1:43:08<3:12:01, 17.17s/it]
Validation loss: 8.8760e-03
        Validation R2: -0.0065
Epochs:  34%|██████████████████████                                           | 339/1000 [1:46:19<3:08:01, 17.07s/it]
Validation loss: 8.8766e-03
        Validation R2: -0.0065
Epochs:  35%|██████████████████████▋                                          | 349/1000 [1:49:26<3:01:16, 16.71s/it]
Validation loss: 8.8731e-03
        Validation R2: -0.0064
Epochs:  36%|███████████████████████▎                                         | 359/1000 [1:52:33<2:57:53, 16.65s/it]
Validation loss: 8.8799e-03
        Validation R2: -0.0064
Epochs:  37%|███████████████████████▉                                         | 369/1000 [1:55:40<2:55:20, 16.67s/it]
Validation loss: 8.8774e-03
        Validation R2: -0.0064
Epochs:  38%|████████████████████████▋                                        | 379/1000 [1:58:48<2:54:39, 16.88s/it]
Validation loss: 8.8784e-03
        Validation R2: -0.0064
Epochs:  39%|█████████████████████████▎                                       | 389/1000 [2:01:55<2:50:14, 16.72s/it]
Validation loss: 8.8824e-03
        Validation R2: -0.0064
Epochs:  40%|█████████████████████████▉                                       | 399/1000 [2:05:06<2:51:28, 17.12s/it]
Validation loss: 8.8741e-03
        Validation R2: -0.0064
Epochs:  40%|██████████████████████████                                       | 400/1000 [2:05:45<3:58:38, 23.86s/it]
Epoch 401
        Training loss: 1.0850e-02
        Training R2: -0.0000
Epochs:  41%|██████████████████████████▌                                      | 409/1000 [2:08:15<2:45:59, 16.85s/it]
Validation loss: 8.8784e-03
        Validation R2: -0.0064
Epochs:  42%|███████████████████████████▏                                     | 419/1000 [2:11:23<2:42:12, 16.75s/it]
Validation loss: 8.8767e-03
        Validation R2: -0.0064
Epochs:  43%|███████████████████████████▉                                     | 429/1000 [2:14:31<2:39:15, 16.73s/it]
Validation loss: 8.8819e-03
        Validation R2: -0.0065
Epochs:  44%|████████████████████████████▌                                    | 439/1000 [2:17:40<2:39:21, 17.04s/it]
Validation loss: 8.8783e-03
        Validation R2: -0.0064
Epochs:  45%|█████████████████████████████▏                                   | 449/1000 [2:20:47<2:33:08, 16.68s/it]
Validation loss: 8.8752e-03
        Validation R2: -0.0064
Epochs:  46%|█████████████████████████████▊                                   | 459/1000 [2:23:53<2:30:01, 16.64s/it]
Validation loss: 8.8747e-03
        Validation R2: -0.0065
Epochs:  47%|██████████████████████████████▍                                  | 469/1000 [2:27:00<2:27:17, 16.64s/it]
Validation loss: 8.8788e-03
        Validation R2: -0.0064
Epochs:  48%|███████████████████████████████▏                                 | 479/1000 [2:30:10<2:25:12, 16.72s/it]
Validation loss: 8.8750e-03
        Validation R2: -0.0064
Epochs:  49%|███████████████████████████████▊                                 | 489/1000 [2:33:16<2:21:39, 16.63s/it]
Validation loss: 8.8783e-03
        Validation R2: -0.0064
Epochs:  50%|████████████████████████████████▍                                | 499/1000 [2:36:23<2:19:15, 16.68s/it]
Validation loss: 8.8780e-03
        Validation R2: -0.0064
Epochs:  51%|█████████████████████████████████                                | 509/1000 [2:39:31<2:16:53, 16.73s/it]
Validation loss: 8.8789e-03
        Validation R2: -0.0064
Epochs:  52%|█████████████████████████████████▋                               | 519/1000 [2:42:39<2:13:44, 16.68s/it]
Validation loss: 8.8838e-03
        Validation R2: -0.0064
Epochs:  53%|██████████████████████████████████▍                              | 529/1000 [2:45:48<2:11:09, 16.71s/it]
Validation loss: 8.8780e-03
        Validation R2: -0.0064
Epochs:  54%|███████████████████████████████████                              | 539/1000 [2:48:54<2:08:03, 16.67s/it]
Validation loss: 8.8771e-03
        Validation R2: -0.0064
Epochs:  55%|███████████████████████████████████▋                             | 549/1000 [2:52:02<2:05:32, 16.70s/it]
Validation loss: 8.8722e-03
        Validation R2: -0.0064
Epochs:  56%|████████████████████████████████████▎                            | 559/1000 [2:55:08<2:02:07, 16.62s/it]
Validation loss: 8.8786e-03
        Validation R2: -0.0064
Epochs:  57%|████████████████████████████████████▉                            | 569/1000 [2:58:14<1:59:21, 16.62s/it]
Validation loss: 8.8744e-03
        Validation R2: -0.0065
Epochs:  58%|█████████████████████████████████████▋                           | 579/1000 [3:01:22<1:57:03, 16.68s/it]
Validation loss: 8.8735e-03
        Validation R2: -0.0064
Epochs:  59%|██████████████████████████████████████▎                          | 589/1000 [3:04:30<1:54:04, 16.65s/it]
Validation loss: 8.8761e-03
        Validation R2: -0.0064
Epochs:  60%|██████████████████████████████████████▉                          | 599/1000 [3:07:38<1:51:58, 16.75s/it]
Validation loss: 8.8718e-03
        Validation R2: -0.0065
Epochs:  60%|███████████████████████████████████████                          | 600/1000 [3:08:17<2:37:09, 23.57s/it]
Epoch 601
        Training loss: 1.0850e-02
        Training R2: -0.0000
Epochs:  61%|███████████████████████████████████████▌                         | 609/1000 [3:10:45<1:49:00, 16.73s/it]
Validation loss: 8.8732e-03
        Validation R2: -0.0065
Epochs:  62%|████████████████████████████████████████▏                        | 619/1000 [3:13:53<1:45:44, 16.65s/it]
Validation loss: 8.8766e-03
        Validation R2: -0.0065
Epochs:  63%|████████████████████████████████████████▉                        | 629/1000 [3:16:59<1:42:40, 16.61s/it]
Validation loss: 8.8741e-03
        Validation R2: -0.0064
Epochs:  64%|█████████████████████████████████████████▌                       | 639/1000 [3:20:05<1:40:14, 16.66s/it]
Validation loss: 8.8778e-03
        Validation R2: -0.0064
Epochs:  65%|██████████████████████████████████████████▏                      | 649/1000 [3:23:12<1:37:09, 16.61s/it]
Validation loss: 8.8732e-03
        Validation R2: -0.0065
Epochs:  66%|██████████████████████████████████████████▊                      | 659/1000 [3:26:20<1:34:43, 16.67s/it]
Validation loss: 8.8790e-03
        Validation R2: -0.0063
Epochs:  67%|███████████████████████████████████████████▍                     | 669/1000 [3:29:28<1:33:40, 16.98s/it]
Validation loss: 8.8776e-03
        Validation R2: -0.0065
Epochs:  68%|████████████████████████████████████████████▏                    | 679/1000 [3:32:35<1:29:01, 16.64s/it]
Validation loss: 8.8717e-03
        Validation R2: -0.0064
Epochs:  69%|████████████████████████████████████████████▊                    | 689/1000 [3:35:41<1:26:20, 16.66s/it]
Validation loss: 8.8737e-03
        Validation R2: -0.0065
Epochs:  70%|█████████████████████████████████████████████▍                   | 699/1000 [3:38:50<1:24:35, 16.86s/it]
Validation loss: 8.8770e-03
        Validation R2: -0.0064
Epochs:  71%|██████████████████████████████████████████████                   | 709/1000 [3:41:56<1:20:42, 16.64s/it]
Validation loss: 8.8756e-03
        Validation R2: -0.0064
Epochs:  72%|██████████████████████████████████████████████▋                  | 719/1000 [3:45:03<1:18:05, 16.68s/it]
Validation loss: 8.8763e-03
        Validation R2: -0.0064
Epochs:  73%|███████████████████████████████████████████████▍                 | 729/1000 [3:48:10<1:15:23, 16.69s/it]
Validation loss: 8.8767e-03
        Validation R2: -0.0065
Epochs:  74%|████████████████████████████████████████████████                 | 739/1000 [3:51:18<1:14:00, 17.01s/it]
Validation loss: 8.8805e-03
        Validation R2: -0.0064
Epochs:  75%|████████████████████████████████████████████████▋                | 749/1000 [3:54:26<1:09:51, 16.70s/it]
Validation loss: 8.8735e-03
        Validation R2: -0.0065
Epochs:  76%|█████████████████████████████████████████████████▎               | 759/1000 [3:57:38<1:08:21, 17.02s/it]
Validation loss: 8.8773e-03
        Validation R2: -0.0064
Epochs:  77%|█████████████████████████████████████████████████▉               | 769/1000 [4:00:46<1:04:40, 16.80s/it]
Validation loss: 8.8794e-03
        Validation R2: -0.0065
Epochs:  78%|██████████████████████████████████████████████████▋              | 779/1000 [4:03:55<1:01:48, 16.78s/it]
Validation loss: 8.8777e-03
        Validation R2: -0.0065
Epochs:  79%|████████████████████████████████████████████████████▊              | 789/1000 [4:07:03<58:37, 16.67s/it]
Validation loss: 8.8761e-03
        Validation R2: -0.0065
Epochs:  80%|█████████████████████████████████████████████████████▌             | 799/1000 [4:10:09<55:30, 16.57s/it]
Validation loss: 8.8821e-03
        Validation R2: -0.0064
Epochs:  80%|████████████████████████████████████████████████████             | 800/1000 [4:10:48<1:17:51, 23.36s/it]
Epoch 801
        Training loss: 1.0851e-02
        Training R2: -0.0000
Epochs:  81%|██████████████████████████████████████████████████████▏            | 809/1000 [4:13:16<53:43, 16.87s/it]
Validation loss: 8.8709e-03
        Validation R2: -0.0065
Epochs:  82%|██████████████████████████████████████████████████████▊            | 819/1000 [4:16:25<50:43, 16.81s/it]
Validation loss: 8.8740e-03
        Validation R2: -0.0064
Epochs:  83%|███████████████████████████████████████████████████████▌           | 829/1000 [4:19:34<47:31, 16.68s/it]
Validation loss: 8.8764e-03
        Validation R2: -0.0064
Epochs:  84%|████████████████████████████████████████████████████████▏          | 839/1000 [4:22:41<44:32, 16.60s/it]
Validation loss: 8.8770e-03
        Validation R2: -0.0064
Epochs:  85%|████████████████████████████████████████████████████████▉          | 849/1000 [4:25:48<42:00, 16.69s/it]
Validation loss: 8.8777e-03
        Validation R2: -0.0064
Epochs:  86%|█████████████████████████████████████████████████████████▌         | 859/1000 [4:28:57<39:16, 16.71s/it]
Validation loss: 8.8768e-03
        Validation R2: -0.0064
Epochs:  87%|██████████████████████████████████████████████████████████▏        | 869/1000 [4:32:04<36:47, 16.85s/it]
Validation loss: 8.8740e-03
        Validation R2: -0.0065
Epochs:  88%|██████████████████████████████████████████████████████████▉        | 879/1000 [4:35:12<33:34, 16.65s/it]
Validation loss: 8.8738e-03
        Validation R2: -0.0065
Epochs:  89%|███████████████████████████████████████████████████████████▌       | 889/1000 [4:38:20<31:15, 16.90s/it]
Validation loss: 8.8767e-03
        Validation R2: -0.0065
Epochs:  90%|████████████████████████████████████████████████████████████▏      | 899/1000 [4:41:32<28:45, 17.08s/it]
Validation loss: 8.8829e-03
        Validation R2: -0.0063
Epochs:  91%|████████████████████████████████████████████████████████████▉      | 909/1000 [4:44:43<26:05, 17.21s/it]
Validation loss: 8.8771e-03
        Validation R2: -0.0065
Epochs:  92%|█████████████████████████████████████████████████████████████▌     | 919/1000 [4:47:52<22:34, 16.72s/it]
Validation loss: 8.8761e-03
        Validation R2: -0.0064
Epochs:  93%|██████████████████████████████████████████████████████████████▏    | 929/1000 [4:51:02<19:59, 16.89s/it]
Validation loss: 8.8734e-03
        Validation R2: -0.0064
Epochs:  94%|██████████████████████████████████████████████████████████████▉    | 939/1000 [4:54:09<16:55, 16.65s/it]
Validation loss: 8.8777e-03
        Validation R2: -0.0064
Epochs:  95%|███████████████████████████████████████████████████████████████▌   | 949/1000 [4:57:21<14:16, 16.79s/it]
Validation loss: 8.8774e-03
        Validation R2: -0.0065
Epochs:  96%|████████████████████████████████████████████████████████████████▎  | 959/1000 [5:00:30<11:28, 16.79s/it]
Validation loss: 8.8773e-03
        Validation R2: -0.0065
Epochs:  97%|████████████████████████████████████████████████████████████████▉  | 969/1000 [5:03:43<08:42, 16.87s/it]
Validation loss: 8.8787e-03
        Validation R2: -0.0065
Epochs:  98%|█████████████████████████████████████████████████████████████████▌ | 979/1000 [5:06:56<06:00, 17.17s/it]
Validation loss: 8.8729e-03
        Validation R2: -0.0065
Epochs:  99%|██████████████████████████████████████████████████████████████████▎| 989/1000 [5:10:10<03:11, 17.42s/it]
Validation loss: 8.8779e-03
        Validation R2: -0.0064
Epochs: 100%|██████████████████████████████████████████████████████████████████▉| 999/1000 [5:13:22<00:17, 17.59s/it]
Validation loss: 8.8731e-03
        Validation R2: -0.0065
Epochs: 100%|██████████████████████████████████████████████████████████████████| 1000/1000 [5:14:02<00:00, 18.84s/it]
INN training took 18842.9775 seconds
Test
        Test loss: 8.8767e-03
        Test R2: -0.0064
        Test took 23.5554 seconds
        Inference time: 0.0004 seconds
(jax) jgz1751@athena:~/git/pyinn/pyinn$ tmux capture-pane -pS -280 > file.out

